<?xml version="1.0" encoding="UTF-8"?>
<!-- Generated by org.testng.reporters.JUnitXMLReporter -->
<testsuite ignored="3" hostname="LAPTOP-T6OI5AJU" failures="0" tests="1" name="Login Test" time="7.493" errors="0" timestamp="2024-06-17T09:11:55 BST">
  <testcase classname="com.orangehrmlive.demo.testsuite.LoginTest" name="verifyUserShouldLoginSuccessFully" time="1.762"/>
  <testcase classname="com.orangehrmlive.demo.testsuite.LoginTest" name="verifyErrorMessageWithInvalidCredentials" time="0.0">
    <ignored/>
  </testcase> <!-- verifyErrorMessageWithInvalidCredentials -->
  <testcase classname="com.orangehrmlive.demo.testsuite.LoginTest" name="verifyUserShouldLogOutSuccessFully" time="0.0">
    <ignored/>
  </testcase> <!-- verifyUserShouldLogOutSuccessFully -->
  <testcase classname="com.orangehrmlive.demo.testsuite.LoginTest" name="verifyThatTheLogoDisplayOnHomePage" time="0.0">
    <ignored/>
  </testcase> <!-- verifyThatTheLogoDisplayOnHomePage -->
</testsuite> <!-- Login Test -->
