<?xml version="1.0" encoding="UTF-8"?>
<testng-results ignored="0" total="1" passed="1" failed="0" skipped="0">
  <reporter-output>
    <line>
      <![CDATA[Enter email Admin to username field[[ChromeDriver: chrome on windows (77b8f45e768d141c59f9ed81cd8a74c5)] -> name: username]]]>
    </line>
    <line>
      <![CDATA[Enter password [[ChromeDriver: chrome on windows (77b8f45e768d141c59f9ed81cd8a74c5)] -> name: password] to password field[[ChromeDriver: chrome on windows (77b8f45e768d141c59f9ed81cd8a74c5)] -> name: password]]]>
    </line>
    <line>
      <![CDATA[Clicking on login button[[ChromeDriver: chrome on windows (77b8f45e768d141c59f9ed81cd8a74c5)] -> css selector: .oxd-button]]]>
    </line>
    <line>
      <![CDATA[Get welcome text[[ChromeDriver: chrome on windows (77b8f45e768d141c59f9ed81cd8a74c5)] -> xpath: //h6[@class='oxd-text oxd-text--h6 oxd-topbar-header-breadcrumb-module']]]]>
    </line>
  </reporter-output>
  <suite started-at="2024-06-17T09:11:47 BST" name="Sanity Suite" finished-at="2024-06-17T09:11:55 BST" duration-ms="7493">
    <groups>
      <group name="regression">
        <method signature="LoginTest.verifyUserShouldLoginSuccessFully()[pri:0, instance:com.orangehrmlive.demo.testsuite.LoginTest@48aaecc3]" name="verifyUserShouldLoginSuccessFully" class="com.orangehrmlive.demo.testsuite.LoginTest"/>
      </group> <!-- regression -->
      <group name="smoke">
        <method signature="LoginTest.verifyUserShouldLoginSuccessFully()[pri:0, instance:com.orangehrmlive.demo.testsuite.LoginTest@48aaecc3]" name="verifyUserShouldLoginSuccessFully" class="com.orangehrmlive.demo.testsuite.LoginTest"/>
      </group> <!-- smoke -->
      <group name="sanity">
        <method signature="LoginTest.verifyUserShouldLoginSuccessFully()[pri:0, instance:com.orangehrmlive.demo.testsuite.LoginTest@48aaecc3]" name="verifyUserShouldLoginSuccessFully" class="com.orangehrmlive.demo.testsuite.LoginTest"/>
      </group> <!-- sanity -->
    </groups>
    <test started-at="2024-06-17T09:11:47 BST" name="Login Test" finished-at="2024-06-17T09:11:55 BST" duration-ms="7493">
      <class name="com.orangehrmlive.demo.testsuite.LoginTest">
        <test-method is-config="true" signature="setUp()[pri:0, instance:com.orangehrmlive.demo.testsuite.LoginTest@48aaecc3]" started-at="2024-06-17T09:11:48 BST" name="setUp" finished-at="2024-06-17T09:11:53 BST" duration-ms="5313" status="PASS">
          <reporter-output>
          </reporter-output>
        </test-method> <!-- setUp -->
        <test-method is-config="true" signature="Init()[pri:0, instance:com.orangehrmlive.demo.testsuite.LoginTest@48aaecc3]" started-at="2024-06-17T09:11:53 BST" name="Init" finished-at="2024-06-17T09:11:53 BST" duration-ms="22" status="PASS">
          <reporter-output>
          </reporter-output>
        </test-method> <!-- Init -->
        <test-method signature="verifyUserShouldLoginSuccessFully()[pri:0, instance:com.orangehrmlive.demo.testsuite.LoginTest@48aaecc3]" started-at="2024-06-17T09:11:53 BST" name="verifyUserShouldLoginSuccessFully" finished-at="2024-06-17T09:11:55 BST" duration-ms="1762" status="PASS">
          <reporter-output>
            <line>
              <![CDATA[Enter email Admin to username field[[ChromeDriver: chrome on windows (77b8f45e768d141c59f9ed81cd8a74c5)] -> name: username]]]>
            </line>
            <line>
              <![CDATA[Enter password [[ChromeDriver: chrome on windows (77b8f45e768d141c59f9ed81cd8a74c5)] -> name: password] to password field[[ChromeDriver: chrome on windows (77b8f45e768d141c59f9ed81cd8a74c5)] -> name: password]]]>
            </line>
            <line>
              <![CDATA[Clicking on login button[[ChromeDriver: chrome on windows (77b8f45e768d141c59f9ed81cd8a74c5)] -> css selector: .oxd-button]]]>
            </line>
            <line>
              <![CDATA[Get welcome text[[ChromeDriver: chrome on windows (77b8f45e768d141c59f9ed81cd8a74c5)] -> xpath: //h6[@class='oxd-text oxd-text--h6 oxd-topbar-header-breadcrumb-module']]]]>
            </line>
          </reporter-output>
        </test-method> <!-- verifyUserShouldLoginSuccessFully -->
      </class> <!-- com.orangehrmlive.demo.testsuite.LoginTest -->
    </test> <!-- Login Test -->
  </suite> <!-- Sanity Suite -->
</testng-results>
